# JRE version: OpenJDK Runtime Environment Temurin-17.0.2+8 (17.0.2+8) (build 17.0.2+8)
# Java VM: OpenJDK 64-Bit Server VM Temurin-17.0.2+8 (17.0.2+8, mixed mode, tiered, compressed oops, compressed class ptrs, g1 gc, windows-amd64)
GC Precious Log:
 CPUs: 4 total, 4 available
 Memory: 4012M
 Large Page Support: Disabled
 NUMA Support: Disabled
 Compressed Oops: Enabled (32-bit)
 Heap Region Size: 1M
 Heap Min Capacity: 8M
 Heap Initial Capacity: 64M
 Heap Max Capacity: 1004M
 Pre-touch: Disabled
 Parallel Workers: 4
 Concurrent Workers: 1
 Concurrent Refinement Workers: 4
 Periodic GC: Disabled
Heap:
 garbage-first heap   total 51200K, used 37657K [0x00000000c1400000, 0x0000000100000000)
  region size 1024K, 12 young (12288K), 2 survivors (2048K)
 Metaspace       used 74596K, committed 75136K, reserved 1122304K
  class space    used 9699K, committed 9920K, reserved 1048576K
GC Heap History (20 events):
Event: 40.045 GC heap before
{Heap before GC invocations=26 (full 0):
 garbage-first heap   total 40960K, used 28713K [0x00000000c1400000, 0x0000000100000000)
  region size 1024K, 9 young (9216K), 1 survivors (1024K)
 Metaspace       used 54714K, committed 55168K, reserved 1097728K
  class space    used 6799K, committed 7040K, reserved 1048576K
}
Event: 40.048 GC heap after
{Heap after GC invocations=27 (full 0):
 garbage-first heap   total 40960K, used 21964K [0x00000000c1400000, 0x0000000100000000)
  region size 1024K, 2 young (2048K), 2 survivors (2048K)
 Metaspace       used 54714K, committed 55168K, reserved 1097728K
  class space    used 6799K, committed 7040K, reserved 1048576K
}
Event: 40.814 GC heap before
{Heap before GC invocations=27 (full 0):
 garbage-first heap   total 40960K, used 31180K [0x00000000c1400000, 0x0000000100000000)
  region size 1024K, 12 young (12288K), 2 survivors (2048K)
 Metaspace       used 56926K, committed 57408K, reserved 1105920K
  class space    used 7066K, committed 7296K, reserved 1048576K
}
Event: 40.819 GC heap after
{Heap after GC invocations=28 (full 0):
 garbage-first heap   total 40960K, used 22390K [0x00000000c1400000, 0x0000000100000000)
  region size 1024K, 2 young (2048K), 2 survivors (2048K)
 Metaspace       used 56926K, committed 57408K, reserved 1105920K
  class space    used 7066K, committed 7296K, reserved 1048576K
}
Event: 41.649 GC heap before
{Heap before GC invocations=29 (full 0):
 garbage-first heap   total 40960K, used 31606K [0x00000000c1400000, 0x0000000100000000)
  region size 1024K, 12 young (12288K), 2 survivors (2048K)
 Metaspace       used 60681K, committed 61120K, reserved 1105920K
  class space    used 7654K, committed 7872K, reserved 1048576K
}
Event: 41.653 GC heap after
{Heap after GC invocations=30 (full 0):
 garbage-first heap   total 40960K, used 22895K [0x00000000c1400000, 0x0000000100000000)
  region size 1024K, 2 young (2048K), 2 survivors (2048K)
 Metaspace       used 60681K, committed 61120K, reserved 1105920K
  class space    used 7654K, committed 7872K, reserved 1048576K
}
Event: 42.583 GC heap before
{Heap before GC invocations=30 (full 0):
 garbage-first heap   total 40960K, used 33135K [0x00000000c1400000, 0x0000000100000000)
  region size 1024K, 12 young (12288K), 2 survivors (2048K)
 Metaspace       used 62840K, committed 63296K, reserved 1105920K
  class space    used 8091K, committed 8320K, reserved 1048576K
}
Event: 42.587 GC heap after
{Heap after GC invocations=31 (full 0):
 garbage-first heap   total 40960K, used 23273K [0x00000000c1400000, 0x0000000100000000)
  region size 1024K, 2 young (2048K), 2 survivors (2048K)
 Metaspace       used 62840K, committed 63296K, reserved 1105920K
  class space    used 8091K, committed 8320K, reserved 1048576K
}
Event: 43.155 GC heap before
{Heap before GC invocations=32 (full 0):
 garbage-first heap   total 45056K, used 31465K [0x00000000c1400000, 0x0000000100000000)
  region size 1024K, 11 young (11264K), 2 survivors (2048K)
 Metaspace       used 65258K, committed 65792K, reserved 1105920K
  class space    used 8483K, committed 8704K, reserved 1048576K
}
Event: 43.159 GC heap after
{Heap after GC invocations=33 (full 0):
 garbage-first heap   total 45056K, used 23732K [0x00000000c1400000, 0x0000000100000000)
  region size 1024K, 2 young (2048K), 2 survivors (2048K)
 Metaspace       used 65258K, committed 65792K, reserved 1105920K
  class space    used 8483K, committed 8704K, reserved 1048576K
}
Event: 49.268 GC heap before
{Heap before GC invocations=33 (full 0):
 garbage-first heap   total 45056K, used 36020K [0x00000000c1400000, 0x0000000100000000)
  region size 1024K, 14 young (14336K), 2 survivors (2048K)
 Metaspace       used 67067K, committed 67584K, reserved 1114112K
  class space    used 8727K, committed 8960K, reserved 1048576K
}
Event: 49.275 GC heap after
{Heap after GC invocations=34 (full 0):
 garbage-first heap   total 45056K, used 24924K [0x00000000c1400000, 0x0000000100000000)
  region size 1024K, 2 young (2048K), 2 survivors (2048K)
 Metaspace       used 67067K, committed 67584K, reserved 1114112K
  class space    used 8727K, committed 8960K, reserved 1048576K
}
Event: 50.307 GC heap before
{Heap before GC invocations=35 (full 0):
 garbage-first heap   total 46080K, used 36188K [0x00000000c1400000, 0x0000000100000000)
  region size 1024K, 13 young (13312K), 2 survivors (2048K)
 Metaspace       used 68444K, committed 68928K, reserved 1114112K
  class space    used 8921K, committed 9152K, reserved 1048576K
}
Event: 50.313 GC heap after
{Heap after GC invocations=36 (full 0):
 garbage-first heap   total 46080K, used 26073K [0x00000000c1400000, 0x0000000100000000)
  region size 1024K, 2 young (2048K), 2 survivors (2048K)
 Metaspace       used 68444K, committed 68928K, reserved 1114112K
  class space    used 8921K, committed 9152K, reserved 1048576K
}
Event: 51.565 GC heap before
{Heap before GC invocations=36 (full 0):
 garbage-first heap   total 46080K, used 36313K [0x00000000c1400000, 0x0000000100000000)
  region size 1024K, 12 young (12288K), 2 survivors (2048K)
 Metaspace       used 70414K, committed 70848K, reserved 1114112K
  class space    used 9150K, committed 9344K, reserved 1048576K
}
Event: 51.571 GC heap after
{Heap after GC invocations=37 (full 0):
 garbage-first heap   total 46080K, used 27186K [0x00000000c1400000, 0x0000000100000000)
  region size 1024K, 2 young (2048K), 2 survivors (2048K)
 Metaspace       used 70414K, committed 70848K, reserved 1114112K
  class space    used 9150K, committed 9344K, reserved 1048576K
}
Event: 52.825 GC heap before
{Heap before GC invocations=38 (full 0):
 garbage-first heap   total 51200K, used 36402K [0x00000000c1400000, 0x0000000100000000)
  region size 1024K, 11 young (11264K), 2 survivors (2048K)
 Metaspace       used 71471K, committed 72000K, reserved 1114112K
  class space    used 9310K, committed 9536K, reserved 1048576K
}
Event: 52.830 GC heap after
{Heap after GC invocations=39 (full 0):
 garbage-first heap   total 51200K, used 27844K [0x00000000c1400000, 0x0000000100000000)
  region size 1024K, 1 young (1024K), 1 survivors (1024K)
 Metaspace       used 71471K, committed 72000K, reserved 1114112K
  class space    used 9310K, committed 9536K, reserved 1048576K
}
Event: 253.030 GC heap before
{Heap before GC invocations=39 (full 0):
 garbage-first heap   total 51200K, used 41156K [0x00000000c1400000, 0x0000000100000000)
  region size 1024K, 14 young (14336K), 1 survivors (1024K)
 Metaspace       used 74521K, committed 75072K, reserved 1122304K
  class space    used 9696K, committed 9920K, reserved 1048576K
}
Event: 253.035 GC heap after
{Heap after GC invocations=40 (full 0):
 garbage-first heap   total 51200K, used 28441K [0x00000000c1400000, 0x0000000100000000)
  region size 1024K, 2 young (2048K), 2 survivors (2048K)
 Metaspace       used 74521K, committed 75072K, reserved 1122304K
  class space    used 9696K, committed 9920K, reserved 1048576K
}

