# JRE version: OpenJDK Runtime Environment Temurin-17.0.2+8 (17.0.2+8) (build 17.0.2+8)
# Java VM: OpenJDK 64-Bit Server VM Temurin-17.0.2+8 (17.0.2+8, mixed mode, tiered, compressed oops, compressed class ptrs, g1 gc, windows-amd64)
GC Precious Log:
 CPUs: 4 total, 4 available
 Memory: 4012M
 Large Page Support: Disabled
 NUMA Support: Disabled
 Compressed Oops: Enabled (32-bit)
 Heap Region Size: 1M
 Heap Min Capacity: 8M
 Heap Initial Capacity: 64M
 Heap Max Capacity: 1004M
 Pre-touch: Disabled
 Parallel Workers: 4
 Concurrent Workers: 1
 Concurrent Refinement Workers: 4
 Periodic GC: Disabled
Heap:
 garbage-first heap   total 60416K, used 44535K [0x00000000c1400000, 0x0000000100000000)
  region size 1024K, 21 young (21504K), 3 survivors (3072K)
 Metaspace       used 75617K, committed 76160K, reserved 1122304K
  class space    used 9768K, committed 10048K, reserved 1048576K
GC Heap History (20 events):
Event: 27.307 GC heap before
{Heap before GC invocations=32 (full 0):
 garbage-first heap   total 43008K, used 32350K [0x00000000c1400000, 0x0000000100000000)
  region size 1024K, 12 young (12288K), 2 survivors (2048K)
 Metaspace       used 64638K, committed 65152K, reserved 1105920K
  class space    used 8395K, committed 8640K, reserved 1048576K
}
Event: 27.312 GC heap after
{Heap after GC invocations=33 (full 0):
 garbage-first heap   total 43008K, used 23473K [0x00000000c1400000, 0x0000000100000000)
  region size 1024K, 2 young (2048K), 2 survivors (2048K)
 Metaspace       used 64638K, committed 65152K, reserved 1105920K
  class space    used 8395K, committed 8640K, reserved 1048576K
}
Event: 30.106 GC heap before
{Heap before GC invocations=33 (full 0):
 garbage-first heap   total 43008K, used 34737K [0x00000000c1400000, 0x0000000100000000)
  region size 1024K, 13 young (13312K), 2 survivors (2048K)
 Metaspace       used 66680K, committed 67136K, reserved 1114112K
  class space    used 8690K, committed 8896K, reserved 1048576K
}
Event: 30.113 GC heap after
{Heap after GC invocations=34 (full 0):
 garbage-first heap   total 43008K, used 24474K [0x00000000c1400000, 0x0000000100000000)
  region size 1024K, 2 young (2048K), 2 survivors (2048K)
 Metaspace       used 66680K, committed 67136K, reserved 1114112K
  class space    used 8690K, committed 8896K, reserved 1048576K
}
Event: 31.044 GC heap before
{Heap before GC invocations=35 (full 0):
 garbage-first heap   total 45056K, used 32666K [0x00000000c1400000, 0x0000000100000000)
  region size 1024K, 11 young (11264K), 2 survivors (2048K)
 Metaspace       used 67780K, committed 68288K, reserved 1114112K
  class space    used 8853K, committed 9088K, reserved 1048576K
}
Event: 31.050 GC heap after
{Heap after GC invocations=36 (full 0):
 garbage-first heap   total 45056K, used 25556K [0x00000000c1400000, 0x0000000100000000)
  region size 1024K, 2 young (2048K), 2 survivors (2048K)
 Metaspace       used 67780K, committed 68288K, reserved 1114112K
  class space    used 8853K, committed 9088K, reserved 1048576K
}
Event: 32.024 GC heap before
{Heap before GC invocations=36 (full 0):
 garbage-first heap   total 45056K, used 35796K [0x00000000c1400000, 0x0000000100000000)
  region size 1024K, 12 young (12288K), 2 survivors (2048K)
 Metaspace       used 69352K, committed 69824K, reserved 1114112K
  class space    used 9027K, committed 9216K, reserved 1048576K
}
Event: 32.033 GC heap after
{Heap after GC invocations=37 (full 0):
 garbage-first heap   total 45056K, used 26442K [0x00000000c1400000, 0x0000000100000000)
  region size 1024K, 2 young (2048K), 2 survivors (2048K)
 Metaspace       used 69352K, committed 69824K, reserved 1114112K
  class space    used 9027K, committed 9216K, reserved 1048576K
}
Event: 32.970 GC heap before
{Heap before GC invocations=38 (full 0):
 garbage-first heap   total 46080K, used 36682K [0x00000000c1400000, 0x0000000100000000)
  region size 1024K, 12 young (12288K), 2 survivors (2048K)
 Metaspace       used 70841K, committed 71296K, reserved 1114112K
  class space    used 9241K, committed 9472K, reserved 1048576K
}
Event: 32.976 GC heap after
{Heap after GC invocations=39 (full 0):
 garbage-first heap   total 46080K, used 27397K [0x00000000c1400000, 0x0000000100000000)
  region size 1024K, 1 young (1024K), 1 survivors (1024K)
 Metaspace       used 70841K, committed 71296K, reserved 1114112K
  class space    used 9241K, committed 9472K, reserved 1048576K
}
Event: 63.555 GC heap before
{Heap before GC invocations=39 (full 0):
 garbage-first heap   total 46080K, used 37637K [0x00000000c1400000, 0x0000000100000000)
  region size 1024K, 11 young (11264K), 1 survivors (1024K)
 Metaspace       used 73331K, committed 73792K, reserved 1114112K
  class space    used 9570K, committed 9792K, reserved 1048576K
}
Event: 63.562 GC heap after
{Heap after GC invocations=40 (full 0):
 garbage-first heap   total 46080K, used 28067K [0x00000000c1400000, 0x0000000100000000)
  region size 1024K, 2 young (2048K), 2 survivors (2048K)
 Metaspace       used 73331K, committed 73792K, reserved 1114112K
  class space    used 9570K, committed 9792K, reserved 1048576K
}
Event: 221.393 GC heap before
{Heap before GC invocations=41 (full 0):
 garbage-first heap   total 50176K, used 35235K [0x00000000c1400000, 0x0000000100000000)
  region size 1024K, 10 young (10240K), 2 survivors (2048K)
 Metaspace       used 74595K, committed 75136K, reserved 1122304K
  class space    used 9735K, committed 9984K, reserved 1048576K
}
Event: 224.074 GC heap after
{Heap after GC invocations=42 (full 1):
 garbage-first heap   total 50176K, used 23411K [0x00000000c1400000, 0x0000000100000000)
  region size 1024K, 0 young (0K), 0 survivors (0K)
 Metaspace       used 74595K, committed 75136K, reserved 1122304K
  class space    used 9735K, committed 9984K, reserved 1048576K
}
Event: 229.651 GC heap before
{Heap before GC invocations=42 (full 1):
 garbage-first heap   total 50176K, used 38771K [0x00000000c1400000, 0x0000000100000000)
  region size 1024K, 16 young (16384K), 0 survivors (0K)
 Metaspace       used 74726K, committed 75328K, reserved 1122304K
  class space    used 9738K, committed 10048K, reserved 1048576K
}
Event: 229.658 GC heap after
{Heap after GC invocations=43 (full 1):
 garbage-first heap   total 50176K, used 24996K [0x00000000c1400000, 0x0000000100000000)
  region size 1024K, 2 young (2048K), 2 survivors (2048K)
 Metaspace       used 74726K, committed 75328K, reserved 1122304K
  class space    used 9738K, committed 10048K, reserved 1048576K
}
Event: 232.254 GC heap before
{Heap before GC invocations=44 (full 1):
 garbage-first heap   total 50176K, used 39332K [0x00000000c1400000, 0x0000000100000000)
  region size 1024K, 16 young (16384K), 2 survivors (2048K)
 Metaspace       used 74907K, committed 75456K, reserved 1122304K
  class space    used 9742K, committed 10048K, reserved 1048576K
}
Event: 232.261 GC heap after
{Heap after GC invocations=45 (full 1):
 garbage-first heap   total 60416K, used 26090K [0x00000000c1400000, 0x0000000100000000)
  region size 1024K, 2 young (2048K), 2 survivors (2048K)
 Metaspace       used 74907K, committed 75456K, reserved 1122304K
  class space    used 9742K, committed 10048K, reserved 1048576K
}
Event: 234.358 GC heap before
{Heap before GC invocations=45 (full 1):
 garbage-first heap   total 60416K, used 46570K [0x00000000c1400000, 0x0000000100000000)
  region size 1024K, 22 young (22528K), 2 survivors (2048K)
 Metaspace       used 75237K, committed 75840K, reserved 1122304K
  class space    used 9753K, committed 10048K, reserved 1048576K
}
Event: 234.363 GC heap after
{Heap after GC invocations=46 (full 1):
 garbage-first heap   total 60416K, used 27127K [0x00000000c1400000, 0x0000000100000000)
  region size 1024K, 3 young (3072K), 3 survivors (3072K)
 Metaspace       used 75237K, committed 75840K, reserved 1122304K
  class space    used 9753K, committed 10048K, reserved 1048576K
}

